2025-04-02 13:26:50 - Received: 
2025-04-02 13:26:51 - Received: 
2025-04-02 13:26:54 - Received: 
2025-04-02 13:26:55 - Received: 
2025-04-02 13:26:55 - Received: 
2025-04-02 13:26:55 - Received: 
2025-04-02 13:26:55 - Received: 
2025-04-02 13:28:27 - Received: {"payment_id":"pay_QECnhPA5Q5ZBC2"}
2025-04-02 13:28:29 - Received: 
2025-04-02 13:36:22 - Received: {"payment_id":"pay_QECw3EkL76cfrX"}
2025-04-02 13:36:24 - Received: 
2025-04-02 13:39:28 - Received: Array
(
    [payment_id] => pay_QECzLUOSlswkFQ
)

2025-04-02 13:39:30 - Received: 
2025-04-02 13:41:59 - Raw JSON: 
2025-04-02 13:42:00 - Raw JSON: 
2025-04-02 13:43:16 - Raw JSON: {"payment_id":"pay_QED3LXGmdwb2JO"}
2025-04-02 13:43:16 - Decoded Data: Array
(
    [payment_id] => pay_QED3LXGmdwb2JO
)

2025-04-02 13:43:18 - Raw JSON: 
